<?xml version="1.0" encoding="UTF-8"?>
<!-- Generated by org.testng.reporters.JUnitXMLReporter -->
<testsuite ignored="0" hostname="DESKTOP-RUO116L" failures="1" tests="2" name="Test 2" time="10.227" errors="0" timestamp="2024-08-21T14:59:24 IST">
  <testcase classname="seleniumTutorial.TestExecution.ErrorValidationTest" name="loginErrorValidation" time="0.345">
    <skipped/>
  </testcase> <!-- loginErrorValidation -->
  <testcase classname="seleniumTutorial.TestExecution.ErrorValidationTest" name="loginErrorValidation" time="0.332">
    <failure type="java.lang.AssertionError" message="expected [Incorrect email or password.] but found [Incorrect email  password.]">
      <![CDATA[java.lang.AssertionError: expected [Incorrect email or password.] but found [Incorrect email  password.]
at seleniumTutorial.TestExecution.ErrorValidationTest.loginErrorValidation(ErrorValidationTest.java:15)
at java.base/java.util.ArrayList.forEach(ArrayList.java:1511)
... Removed 33 stack frames]]>
    </failure>
  </testcase> <!-- loginErrorValidation -->
</testsuite> <!-- Test 2 -->
